<?xml version="1.0" encoding="UTF-8"?>
<!-- Generated by org.testng.reporters.JUnitReportReporter -->
<testsuite hostname="PravinAdmin" name="org.testng.homepage.HomePageTests" tests="3" failures="0" timestamp="11 Jan 2015 11:34:40 GMT" time="89.999" errors="0">
  <testcase name="verifySuccessfullRegistration" time="26.461" classname="org.testng.homepage.HomePageTests"/>
  <testcase name="verifySuccessfullRegistration" time="43.119" classname="org.testng.homepage.HomePageTests"/>
  <testcase name="verifyPageTitle" time="20.419" classname="org.testng.homepage.HomePageTests"/>
</testsuite> <!-- org.testng.homepage.HomePageTests -->
