<?xml version="1.0" encoding="UTF-8"?>
<!-- Generated by org.testng.reporters.JUnitReportReporter -->
<testsuite hostname="PravinAdmin" name="org.testng.homepage.HomePageTests" tests="3" failures="0" timestamp="11 Jan 2015 11:38:09 GMT" time="86.113" errors="0">
  <testcase name="verifySuccessfullRegistration" time="31.964" classname="org.testng.homepage.HomePageTests"/>
  <testcase name="verifyPageTitle" time="23.562" classname="org.testng.homepage.HomePageTests"/>
  <testcase name="verifySuccessfullRegistration" time="30.587" classname="org.testng.homepage.HomePageTests"/>
</testsuite> <!-- org.testng.homepage.HomePageTests -->
